<?xml version="1.0" encoding="UTF-8"?>
<!-- Generated by org.testng.reporters.JUnitReportReporter -->
<testsuite hostname="LTIN509671" failures="0" tests="9" name="com.findinghospitals.testcases.test_case" time="76.924" errors="0" timestamp="2024-04-18T16:33:19 IST" skipped="0">
  <testcase classname="com.findinghospitals.testcases.test_case" name="setUp" time="22.298"/>
  <system-out/>
  <testcase classname="com.findinghospitals.testcases.test_case" name="clickCity" time="2.193"/>
  <system-out/>
  <testcase classname="com.findinghospitals.testcases.test_case" name="enterHospital" time="10.393"/>
  <system-out/>
  <testcase classname="com.findinghospitals.testcases.test_case" name="list_Hospitals" time="9.441"/>
  <system-out/>
  <testcase classname="com.findinghospitals.testcases.test_case" name="bookDiagnostic" time="24.695"/>
  <system-out/>
  <testcase classname="com.findinghospitals.testcases.test_case" name="docSpecialities" time="3.345"/>
  <system-out/>
  <testcase classname="com.findinghospitals.testcases.test_case" name="clickPractoDrive" time="3.293"/>
  <system-out/>
  <testcase classname="com.findinghospitals.testcases.test_case" name="validateInstagram" time="0.071"/>
  <system-out/>
  <testcase classname="com.findinghospitals.testcases.test_case" name="tearDown" time="1.195"/>
  <system-out/>
</testsuite> <!-- com.findinghospitals.testcases.test_case -->
