<?xml version="1.0" encoding="UTF-8"?>
<!-- Generated by org.testng.reporters.JUnitReportReporter -->
<testsuite hostname="LTIN509671" failures="0" tests="5" name="testRunner.TestRunner" time="104.046" errors="0" timestamp="2024-04-18T18:26:05 IST" skipped="0">
  <testcase classname="testRunner.TestRunner" name="runScenario" time="34.801"/>
  <system-out/>
  <testcase classname="testRunner.TestRunner" name="runScenario" time="20.943"/>
  <system-out/>
  <testcase classname="testRunner.TestRunner" name="runScenario" time="11.800"/>
  <system-out/>
  <testcase classname="testRunner.TestRunner" name="runScenario" time="13.010"/>
  <system-out/>
  <testcase classname="testRunner.TestRunner" name="runScenario" time="23.492"/>
  <system-out/>
</testsuite> <!-- testRunner.TestRunner -->
