<?xml version="1.0" encoding="UTF-8"?>
<!-- Generated by org.testng.reporters.JUnitReportReporter -->
<testsuite hostname="LTIN509671" failures="0" tests="9" name="com.findinghospitals.testcases.test_case" time="81.614" errors="0" timestamp="2024-04-18T10:59:41 IST" skipped="0">
  <testcase classname="com.findinghospitals.testcases.test_case" name="setUp" time="14.778"/>
  <system-out/>
  <testcase classname="com.findinghospitals.testcases.test_case" name="clickCity" time="2.574"/>
  <system-out/>
  <testcase classname="com.findinghospitals.testcases.test_case" name="enterHospital" time="6.387"/>
  <system-out/>
  <testcase classname="com.findinghospitals.testcases.test_case" name="list_Hospitals" time="11.071"/>
  <system-out/>
  <testcase classname="com.findinghospitals.testcases.test_case" name="bookDiagnostic" time="35.662"/>
  <system-out/>
  <testcase classname="com.findinghospitals.testcases.test_case" name="docSpecialities" time="6.160"/>
  <system-out/>
  <testcase classname="com.findinghospitals.testcases.test_case" name="clickPractoDrive" time="3.701"/>
  <system-out/>
  <testcase classname="com.findinghospitals.testcases.test_case" name="validateInstagram" time="0.096"/>
  <system-out/>
  <testcase classname="com.findinghospitals.testcases.test_case" name="tearDown" time="1.185"/>
  <system-out/>
</testsuite> <!-- com.findinghospitals.testcases.test_case -->
